Determining if the pthread_create exist failed with the following output:
Change Dir: /home/dart/src/UCD-UAV/build/CMakeFiles/CMakeTmp

Run Build Command:"/usr/bin/make" "cmTryCompileExec2935082433/fast"
/usr/bin/make -f CMakeFiles/cmTryCompileExec2935082433.dir/build.make CMakeFiles/cmTryCompileExec2935082433.dir/build
make[1]: Entering directory `/home/dart/src/UCD-UAV/build/CMakeFiles/CMakeTmp'
/usr/bin/cmake -E cmake_progress_report /home/dart/src/UCD-UAV/build/CMakeFiles/CMakeTmp/CMakeFiles 1
Building C object CMakeFiles/cmTryCompileExec2935082433.dir/CheckSymbolExists.c.o
/usr/bin/gcc    -o CMakeFiles/cmTryCompileExec2935082433.dir/CheckSymbolExists.c.o   -c /home/dart/src/UCD-UAV/build/CMakeFiles/CMakeTmp/CheckSymbolExists.c
Linking C executable cmTryCompileExec2935082433
/usr/bin/cmake -E cmake_link_script CMakeFiles/cmTryCompileExec2935082433.dir/link.txt --verbose=1
/usr/bin/gcc       CMakeFiles/cmTryCompileExec2935082433.dir/CheckSymbolExists.c.o  -o cmTryCompileExec2935082433 -rdynamic 
CMakeFiles/cmTryCompileExec2935082433.dir/CheckSymbolExists.c.o: In function `main':
CheckSymbolExists.c:(.text+0x16): undefined reference to `pthread_create'
collect2: error: ld returned 1 exit status
make[1]: *** [cmTryCompileExec2935082433] Error 1
make[1]: Leaving directory `/home/dart/src/UCD-UAV/build/CMakeFiles/CMakeTmp'
make: *** [cmTryCompileExec2935082433/fast] Error 2

File /home/dart/src/UCD-UAV/build/CMakeFiles/CMakeTmp/CheckSymbolExists.c:
/* */
#include <pthread.h>

int main(int argc, char** argv)
{
  (void)argv;
#ifndef pthread_create
  return ((int*)(&pthread_create))[argc];
#else
  (void)argc;
  return 0;
#endif
}

Determining if the function pthread_create exists in the pthreads failed with the following output:
Change Dir: /home/dart/src/UCD-UAV/build/CMakeFiles/CMakeTmp

Run Build Command:"/usr/bin/make" "cmTryCompileExec2668364442/fast"
/usr/bin/make -f CMakeFiles/cmTryCompileExec2668364442.dir/build.make CMakeFiles/cmTryCompileExec2668364442.dir/build
make[1]: Entering directory `/home/dart/src/UCD-UAV/build/CMakeFiles/CMakeTmp'
/usr/bin/cmake -E cmake_progress_report /home/dart/src/UCD-UAV/build/CMakeFiles/CMakeTmp/CMakeFiles 1
Building C object CMakeFiles/cmTryCompileExec2668364442.dir/CheckFunctionExists.c.o
/usr/bin/gcc   -DCHECK_FUNCTION_EXISTS=pthread_create   -o CMakeFiles/cmTryCompileExec2668364442.dir/CheckFunctionExists.c.o   -c /usr/share/cmake-3.2/Modules/CheckFunctionExists.c
Linking C executable cmTryCompileExec2668364442
/usr/bin/cmake -E cmake_link_script CMakeFiles/cmTryCompileExec2668364442.dir/link.txt --verbose=1
/usr/bin/gcc   -DCHECK_FUNCTION_EXISTS=pthread_create    CMakeFiles/cmTryCompileExec2668364442.dir/CheckFunctionExists.c.o  -o cmTryCompileExec2668364442 -rdynamic -lpthreads 
/usr/bin/ld: cannot find -lpthreads
collect2: error: ld returned 1 exit status
make[1]: *** [cmTryCompileExec2668364442] Error 1
make[1]: Leaving directory `/home/dart/src/UCD-UAV/build/CMakeFiles/CMakeTmp'
make: *** [cmTryCompileExec2668364442/fast] Error 2


